[debug] [2021-06-24T18:21:20.694Z] ----------------------------------------------------------------------
[debug] [2021-06-24T18:21:20.697Z] Command:       C:\Program Files\nodejs\node.exe C:\Users\Mahadi Hasan\AppData\Roaming\npm\node_modules\firebase-tools\lib\bin\firebase.js deploy
[debug] [2021-06-24T18:21:20.697Z] CLI Version:   9.8.0
[debug] [2021-06-24T18:21:20.697Z] Platform:      win32
[debug] [2021-06-24T18:21:20.697Z] Node Version:  v14.15.3
[debug] [2021-06-24T18:21:20.699Z] Time:          Fri Jun 25 2021 00:21:20 GMT+0600 (Bangladesh Standard Time)
[debug] [2021-06-24T18:21:20.699Z] ----------------------------------------------------------------------
[debug] 
[debug] [2021-06-24T18:21:20.708Z] > command requires scopes: ["email","openid","https://www.googleapis.com/auth/cloudplatformprojects.readonly","https://www.googleapis.com/auth/firebase","https://www.googleapis.com/auth/cloud-platform"]
[debug] [2021-06-24T18:21:20.709Z] > authorizing via signed-in user
[debug] [2021-06-24T18:21:20.709Z] [iam] checking project blogino-a4581 for permissions ["firebase.projects.get","firebasehosting.sites.update"]
[debug] [2021-06-24T18:21:20.712Z] > refreshing access token with scopes: ["email","https://www.googleapis.com/auth/cloud-platform","https://www.googleapis.com/auth/cloudplatformprojects.readonly","https://www.googleapis.com/auth/firebase","openid"]
[debug] [2021-06-24T18:21:20.712Z] >>> HTTP REQUEST POST https://www.googleapis.com/oauth2/v3/token  
 <request body omitted>
[debug] [2021-06-24T18:21:21.200Z] <<< HTTP RESPONSE 200 {"expires":"Mon, 01 Jan 1990 00:00:00 GMT","cache-control":"no-cache, no-store, max-age=0, must-revalidate","date":"Thu, 24 Jun 2021 18:21:23 GMT","pragma":"no-cache","content-type":"application/json; charset=utf-8","vary":"X-Origin, Referer, Origin,Accept-Encoding","server":"scaffolding on HTTPServer2","x-xss-protection":"0","x-frame-options":"SAMEORIGIN","x-content-type-options":"nosniff","alt-svc":"h3=\":443\"; ma=2592000,h3-29=\":443\"; ma=2592000,h3-T051=\":443\"; ma=2592000,h3-Q050=\":443\"; ma=2592000,h3-Q046=\":443\"; ma=2592000,h3-Q043=\":443\"; ma=2592000,quic=\":443\"; ma=2592000; v=\"46,43\"","accept-ranges":"none","transfer-encoding":"chunked"}
[debug] [2021-06-24T18:21:21.221Z] >>> HTTP REQUEST POST https://cloudresourcemanager.googleapis.com/v1/projects/blogino-a4581:testIamPermissions  
 {"permissions":["firebase.projects.get","firebasehosting.sites.update"]}
[debug] [2021-06-24T18:21:22.533Z] <<< HTTP RESPONSE 200 {"content-type":"application/json; charset=UTF-8","vary":"X-Origin, Referer, Origin,Accept-Encoding","date":"Thu, 24 Jun 2021 18:21:24 GMT","server":"ESF","cache-control":"private","x-xss-protection":"0","x-frame-options":"SAMEORIGIN","x-content-type-options":"nosniff","server-timing":"gfet4t7; dur=965","alt-svc":"h3=\":443\"; ma=2592000,h3-29=\":443\"; ma=2592000,h3-T051=\":443\"; ma=2592000,h3-Q050=\":443\"; ma=2592000,h3-Q046=\":443\"; ma=2592000,h3-Q043=\":443\"; ma=2592000,quic=\":443\"; ma=2592000; v=\"46,43\"","accept-ranges":"none","transfer-encoding":"chunked"}
[debug] [2021-06-24T18:21:22.535Z] > refreshing access token with scopes: []
[debug] [2021-06-24T18:21:22.535Z] >>> HTTP REQUEST POST https://www.googleapis.com/oauth2/v3/token  
 <request body omitted>
[debug] [2021-06-24T18:21:23.005Z] <<< HTTP RESPONSE 200 {"expires":"Mon, 01 Jan 1990 00:00:00 GMT","date":"Thu, 24 Jun 2021 18:21:25 GMT","pragma":"no-cache","cache-control":"no-cache, no-store, max-age=0, must-revalidate","content-type":"application/json; charset=utf-8","vary":"X-Origin, Referer, Origin,Accept-Encoding","server":"scaffolding on HTTPServer2","x-xss-protection":"0","x-frame-options":"SAMEORIGIN","x-content-type-options":"nosniff","alt-svc":"h3=\":443\"; ma=2592000,h3-29=\":443\"; ma=2592000,h3-T051=\":443\"; ma=2592000,h3-Q050=\":443\"; ma=2592000,h3-Q046=\":443\"; ma=2592000,h3-Q043=\":443\"; ma=2592000,quic=\":443\"; ma=2592000; v=\"46,43\"","accept-ranges":"none","transfer-encoding":"chunked"}
[debug] [2021-06-24T18:21:23.043Z] >>> [apiv2][query] GET https://firebase.googleapis.com/v1beta1/projects/blogino-a4581 [none]
[debug] [2021-06-24T18:21:23.978Z] <<< [apiv2][status] GET https://firebase.googleapis.com/v1beta1/projects/blogino-a4581 200
[debug] [2021-06-24T18:21:23.979Z] <<< [apiv2][body] GET https://firebase.googleapis.com/v1beta1/projects/blogino-a4581 {"projectId":"blogino-a4581","projectNumber":"379851125233","displayName":"blogino","name":"projects/blogino-a4581","resources":{"hostingSite":"blogino-a4581"},"state":"ACTIVE"}
[info] 
[info] === Deploying to 'blogino-a4581'...
[info] 
[info] i  deploying hosting 
[debug] [2021-06-24T18:21:23.985Z] > refreshing access token with scopes: ["email","https://www.googleapis.com/auth/cloud-platform","https://www.googleapis.com/auth/cloudplatformprojects.readonly","https://www.googleapis.com/auth/firebase","openid"]
[debug] [2021-06-24T18:21:23.986Z] >>> HTTP REQUEST POST https://www.googleapis.com/oauth2/v3/token  
 <request body omitted>
[debug] [2021-06-24T18:21:24.414Z] <<< HTTP RESPONSE 200 {"expires":"Mon, 01 Jan 1990 00:00:00 GMT","cache-control":"no-cache, no-store, max-age=0, must-revalidate","pragma":"no-cache","date":"Thu, 24 Jun 2021 18:21:26 GMT","content-type":"application/json; charset=utf-8","vary":"X-Origin, Referer, Origin,Accept-Encoding","server":"scaffolding on HTTPServer2","x-xss-protection":"0","x-frame-options":"SAMEORIGIN","x-content-type-options":"nosniff","alt-svc":"h3=\":443\"; ma=2592000,h3-29=\":443\"; ma=2592000,h3-T051=\":443\"; ma=2592000,h3-Q050=\":443\"; ma=2592000,h3-Q046=\":443\"; ma=2592000,h3-Q043=\":443\"; ma=2592000,quic=\":443\"; ma=2592000; v=\"46,43\"","accept-ranges":"none","transfer-encoding":"chunked"}
[debug] [2021-06-24T18:21:24.449Z] >>> HTTP REQUEST POST https://firebasehosting.googleapis.com/v1beta1/sites/blogino-a4581/versions  
 {"config":{"rewrites":[{"glob":"**","path":"/index.html"}]},"labels":{"deployment-tool":"cli-firebase"}}
[debug] [2021-06-24T18:21:27.111Z] <<< HTTP RESPONSE 200 {"content-type":"application/json; charset=UTF-8","vary":"X-Origin, Referer, Origin,Accept-Encoding","date":"Thu, 24 Jun 2021 18:21:29 GMT","server":"ESF","cache-control":"private","x-xss-protection":"0","x-frame-options":"SAMEORIGIN","x-content-type-options":"nosniff","alt-svc":"h3=\":443\"; ma=2592000,h3-29=\":443\"; ma=2592000,h3-T051=\":443\"; ma=2592000,h3-Q050=\":443\"; ma=2592000,h3-Q046=\":443\"; ma=2592000,h3-Q043=\":443\"; ma=2592000,quic=\":443\"; ma=2592000; v=\"46,43\"","accept-ranges":"none","transfer-encoding":"chunked"}
[info] i  hosting[blogino-a4581]: beginning deploy... 
[info] i  hosting[blogino-a4581]: found 33 files in build 
[debug] [2021-06-24T18:21:27.131Z] [hosting] hash cache [YnVpbGQ] not populated
[debug] [2021-06-24T18:21:27.676Z] > refreshing access token with scopes: []
[debug] [2021-06-24T18:21:27.676Z] >>> HTTP REQUEST POST https://www.googleapis.com/oauth2/v3/token  
 <request body omitted>
[debug] [2021-06-24T18:21:27.682Z] [hosting] hash cache [YnVpbGQ] stored for 33 files
[debug] [2021-06-24T18:21:27.683Z] [hosting][hash queue][FINAL] {"max":535,"min":29,"avg":96.9090909090909,"active":0,"complete":33,"success":33,"errored":0,"retried":0,"total":33,"elapsed":551}
[debug] [2021-06-24T18:21:28.134Z] <<< HTTP RESPONSE 200 {"pragma":"no-cache","expires":"Mon, 01 Jan 1990 00:00:00 GMT","date":"Thu, 24 Jun 2021 18:21:30 GMT","cache-control":"no-cache, no-store, max-age=0, must-revalidate","content-type":"application/json; charset=utf-8","vary":"X-Origin, Referer, Origin,Accept-Encoding","server":"scaffolding on HTTPServer2","x-xss-protection":"0","x-frame-options":"SAMEORIGIN","x-content-type-options":"nosniff","alt-svc":"h3=\":443\"; ma=2592000,h3-29=\":443\"; ma=2592000,h3-T051=\":443\"; ma=2592000,h3-Q050=\":443\"; ma=2592000,h3-Q046=\":443\"; ma=2592000,h3-Q043=\":443\"; ma=2592000,quic=\":443\"; ma=2592000; v=\"46,43\"","accept-ranges":"none","transfer-encoding":"chunked"}
[debug] [2021-06-24T18:21:28.138Z] >>> [apiv2][query] POST https://firebasehosting.googleapis.com/v1beta1/sites/blogino-a4581/versions/239d7b7cc7d5641d:populateFiles [none]
[debug] [2021-06-24T18:21:28.138Z] >>> [apiv2][body] POST https://firebasehosting.googleapis.com/v1beta1/sites/blogino-a4581/versions/239d7b7cc7d5641d:populateFiles {"files":{"/asset-manifest.json":"83979512d83db5ac0d183962fe4cc60b42cca76da74aa1c5fbefe04825f9f785","/favicon.ico":"eae62e993eb980ec8a25058c39d5a51feab118bd2100c4deebb2a9c158ec11f9","/index.html":"541cf9f228bc3ec3dc8b7b81f10cbd46abc6986d13a959d7e9545bc1c853b0e8","/logo192.png":"3ee59515172ee198f3be375979df15ac5345183e656720a381b8872b2a39dc8b","/manifest.json":"aff3449bdc238776f5d6d967f19ec491b36aed5fb7f23ccff6500736fd58494a","/robots.txt":"bfe106a3fb878dc83461c86818bf74fc1bdc7f28538ba613cd3e775516ce8b49","/logo512.png":"ee7e2f3fdb8209c4b6fd7bef6ba50d1b9dba30a25bb5c3126df057e1cb6f5331","/static/css/2.bbbe21ee.chunk.css.map":"f93d56bdc229cffc6b9deb2415baf77bb796d4ead94868af82e95eeefb351ac7","/static/css/2.bbbe21ee.chunk.css":"26f85363f5cee253698477ed8c40683ba5198ea2605225b10eacf218e6229ebd","/static/js/2.dc98590f.chunk.js.LICENSE.txt":"c585584484a53b95995eae5e565865edbb98d9007477a6dfd1db955529815c2b","/static/css/main.3666b042.chunk.css":"b398edd189c03a89504c06288daaa34a77c22a5da6d848aaad24031f25922bb9","/static/js/3.629c9d22.chunk.js":"30083c743bf229ae37f0e628d9c3515b2a06e92eda4232cf2746b03cc17043df","/static/css/main.3666b042.chunk.css.map":"d55a06961f0f81ab9d1f88385d14871fba961a3d08b27f37d1ca7d22c924b18b","/static/js/3.629c9d22.chunk.js.map":"6a75b49e039579efd7910c10e7a64a19d3ec7d85f60693d4acd7ec15428aabbe","/static/js/main.ae61702e.chunk.js":"655ed9fada162c9bcf2cb897f5affac1bc234ac7165b0e97abd112c7ac7089db","/static/js/runtime-main.b7a2e463.js":"6f556f95e2c442246d7b2e88319929a29fc2da88ad35fe6fff92d894c9bbc095","/static/js/runtime-main.b7a2e463.js.map":"1206c31c90718727794318b3727f7ce4e45094a5d0d996c501234c28a38ef8a0","/static/js/main.ae61702e.chunk.js.map":"aeb11c843710286c783076bf2245df590db845a771910be17a78531b27b51b37","/static/media/slick.2630a3e3.svg":"d00477d40ed40fa1dd3bdee27d9286804121b15fea83bae7d5415d902b055de0","/static/media/slick.29518378.woff":"029a727c9e1081d2f9e1015f02f18da88f268512ea4f58589a6f17f532928530","/static/media/slick.a4e97f5a.eot":"52b9a169969e053d43df6bd21c4dc789c2518d99afd8590a17ef50cd24c77cf6","/static/media/slick.c94f7671.ttf":"6aad751007cf9a89350af287f824ab64f096c472c7c9c679fb3d55b6174fc004","/static/media/facebook.5b2ad70d.png":"b336d3a01920697b4b3d7d517eb80bf2b955cf4af9db13579b23320e2b5db290","/static/media/google.23d7e8b3.png":"1ccc69a07b160679513b5d315e4390c633a1bd3f49bd5e3ca27f7abfcfed8709","/static/js/2.dc98590f.chunk.js":"ad9f08b125e4fdf20fb15e809328414da1be5855ac4e8ca76a2834bd7fa516e5","/static/media/logIn-bg.5ed84c35.jpg":"0d473edd21fd30fdc3b5d622151334d5faa0e5c8370d00d9e93f14c77be6ac97","/static/media/profileImg.04e04b11.jpg":"ae458d1577c7a25a53656c730e83b9ff215bb13f08d4fec9e41234cd5d03c9c2","/static/media/img2.3e57a386.jpg":"76381b85446ebfc3375d4ac949117f6b54fb4e505b8007ae994bb710f866adba","/static/js/2.dc98590f.chunk.js.map":"82137f98971d1bd49259af67cbc5b854d6d814e904a06922d20a474f10e2b5da","/static/media/img1.7c7d14fb.jpg":"dafdcfd4f39f986c309b56ea43c3d54aca3f1f42ad62f67b4b3830aecc8c2398","/static/media/img4.46389841.jpg":"88dd9d161ba3791879cbcfd4a1f4e7cfda18a59ee3c8b53647a091e561f418d0","/static/media/img3.92f28962.jpg":"ab01a31cb285b13e2a0015cbf05a183ae454ac258831b5669bd92f443ad9dcd8","/static/media/img5.65751c25.jpg":"19b64319fb1869397d9c86c1aa936ef1fbf2c940cd885da437643ddff841da41"}}
[debug] [2021-06-24T18:21:30.244Z] <<< [apiv2][status] POST https://firebasehosting.googleapis.com/v1beta1/sites/blogino-a4581/versions/239d7b7cc7d5641d:populateFiles 200
[debug] [2021-06-24T18:21:30.245Z] <<< [apiv2][body] POST https://firebasehosting.googleapis.com/v1beta1/sites/blogino-a4581/versions/239d7b7cc7d5641d:populateFiles {"uploadRequiredHashes":["76381b85446ebfc3375d4ac949117f6b54fb4e505b8007ae994bb710f866adba","83979512d83db5ac0d183962fe4cc60b42cca76da74aa1c5fbefe04825f9f785","c585584484a53b95995eae5e565865edbb98d9007477a6dfd1db955529815c2b","6f556f95e2c442246d7b2e88319929a29fc2da88ad35fe6fff92d894c9bbc095","0d473edd21fd30fdc3b5d622151334d5faa0e5c8370d00d9e93f14c77be6ac97","dafdcfd4f39f986c309b56ea43c3d54aca3f1f42ad62f67b4b3830aecc8c2398","b336d3a01920697b4b3d7d517eb80bf2b955cf4af9db13579b23320e2b5db290","aff3449bdc238776f5d6d967f19ec491b36aed5fb7f23ccff6500736fd58494a","88dd9d161ba3791879cbcfd4a1f4e7cfda18a59ee3c8b53647a091e561f418d0","655ed9fada162c9bcf2cb897f5affac1bc234ac7165b0e97abd112c7ac7089db","19b64319fb1869397d9c86c1aa936ef1fbf2c940cd885da437643ddff841da41","ad9f08b125e4fdf20fb15e809328414da1be5855ac4e8ca76a2834bd7fa516e5","3ee59515172ee198f3be375979df15ac5345183e656720a381b8872b2a39dc8b","ab01a31cb285b13e2a0015cbf05a183ae454ac258831b5669bd92f443ad9dcd8","1206c31c90718727794318b3727f7ce4e45094a5d0d996c501234c28a38ef8a0","ee7e2f3fdb8209c4b6fd7bef6ba50d1b9dba30a25bb5c3126df057e1cb6f5331","aeb11c843710286c783076bf2245df590db845a771910be17a78531b27b51b37","b398edd189c03a89504c06288daaa34a77c22a5da6d848aaad24031f25922bb9","ae458d1577c7a25a53656c730e83b9ff215bb13f08d4fec9e41234cd5d03c9c2","30083c743bf229ae37f0e628d9c3515b2a06e92eda4232cf2746b03cc17043df","26f85363f5cee253698477ed8c40683ba5198ea2605225b10eacf218e6229ebd","52b9a169969e053d43df6bd21c4dc789c2518d99afd8590a17ef50cd24c77cf6","f93d56bdc229cffc6b9deb2415baf77bb796d4ead94868af82e95eeefb351ac7","1ccc69a07b160679513b5d315e4390c633a1bd3f49bd5e3ca27f7abfcfed8709","029a727c9e1081d2f9e1015f02f18da88f268512ea4f58589a6f17f532928530","541cf9f228bc3ec3dc8b7b81f10cbd46abc6986d13a959d7e9545bc1c853b0e8","6aad751007cf9a89350af287f824ab64f096c472c7c9c679fb3d55b6174fc004","d55a06961f0f81ab9d1f88385d14871fba961a3d08b27f37d1ca7d22c924b18b","82137f98971d1bd49259af67cbc5b854d6d814e904a06922d20a474f10e2b5da","eae62e993eb980ec8a25058c39d5a51feab118bd2100c4deebb2a9c158ec11f9","6a75b49e039579efd7910c10e7a64a19d3ec7d85f60693d4acd7ec15428aabbe","d00477d40ed40fa1dd3bdee27d9286804121b15fea83bae7d5415d902b055de0","bfe106a3fb878dc83461c86818bf74fc1bdc7f28538ba613cd3e775516ce8b49"],"uploadUrl":"https://upload-firebasehosting.googleapis.com/upload/sites/blogino-a4581/versions/239d7b7cc7d5641d/files"}
[debug] [2021-06-24T18:21:30.261Z] >>> [apiv2][query] POST https://upload-firebasehosting.googleapis.com/upload/sites/blogino-a4581/versions/239d7b7cc7d5641d/files/76381b85446ebfc3375d4ac949117f6b54fb4e505b8007ae994bb710f866adba [none]
[debug] [2021-06-24T18:21:30.261Z] >>> [apiv2][body] POST https://upload-firebasehosting.googleapis.com/upload/sites/blogino-a4581/versions/239d7b7cc7d5641d/files/76381b85446ebfc3375d4ac949117f6b54fb4e505b8007ae994bb710f866adba [stream]
[debug] [2021-06-24T18:21:30.263Z] >>> [apiv2][query] POST https://upload-firebasehosting.googleapis.com/upload/sites/blogino-a4581/versions/239d7b7cc7d5641d/files/83979512d83db5ac0d183962fe4cc60b42cca76da74aa1c5fbefe04825f9f785 [none]
[debug] [2021-06-24T18:21:30.263Z] >>> [apiv2][body] POST https://upload-firebasehosting.googleapis.com/upload/sites/blogino-a4581/versions/239d7b7cc7d5641d/files/83979512d83db5ac0d183962fe4cc60b42cca76da74aa1c5fbefe04825f9f785 [stream]
[debug] [2021-06-24T18:21:30.264Z] >>> [apiv2][query] POST https://upload-firebasehosting.googleapis.com/upload/sites/blogino-a4581/versions/239d7b7cc7d5641d/files/c585584484a53b95995eae5e565865edbb98d9007477a6dfd1db955529815c2b [none]
[debug] [2021-06-24T18:21:30.265Z] >>> [apiv2][body] POST https://upload-firebasehosting.googleapis.com/upload/sites/blogino-a4581/versions/239d7b7cc7d5641d/files/c585584484a53b95995eae5e565865edbb98d9007477a6dfd1db955529815c2b [stream]
[debug] [2021-06-24T18:21:30.266Z] >>> [apiv2][query] POST https://upload-firebasehosting.googleapis.com/upload/sites/blogino-a4581/versions/239d7b7cc7d5641d/files/6f556f95e2c442246d7b2e88319929a29fc2da88ad35fe6fff92d894c9bbc095 [none]
[debug] [2021-06-24T18:21:30.266Z] >>> [apiv2][body] POST https://upload-firebasehosting.googleapis.com/upload/sites/blogino-a4581/versions/239d7b7cc7d5641d/files/6f556f95e2c442246d7b2e88319929a29fc2da88ad35fe6fff92d894c9bbc095 [stream]
[debug] [2021-06-24T18:21:30.267Z] >>> [apiv2][query] POST https://upload-firebasehosting.googleapis.com/upload/sites/blogino-a4581/versions/239d7b7cc7d5641d/files/0d473edd21fd30fdc3b5d622151334d5faa0e5c8370d00d9e93f14c77be6ac97 [none]
[debug] [2021-06-24T18:21:30.267Z] >>> [apiv2][body] POST https://upload-firebasehosting.googleapis.com/upload/sites/blogino-a4581/versions/239d7b7cc7d5641d/files/0d473edd21fd30fdc3b5d622151334d5faa0e5c8370d00d9e93f14c77be6ac97 [stream]
[debug] [2021-06-24T18:21:30.268Z] >>> [apiv2][query] POST https://upload-firebasehosting.googleapis.com/upload/sites/blogino-a4581/versions/239d7b7cc7d5641d/files/dafdcfd4f39f986c309b56ea43c3d54aca3f1f42ad62f67b4b3830aecc8c2398 [none]
[debug] [2021-06-24T18:21:30.269Z] >>> [apiv2][body] POST https://upload-firebasehosting.googleapis.com/upload/sites/blogino-a4581/versions/239d7b7cc7d5641d/files/dafdcfd4f39f986c309b56ea43c3d54aca3f1f42ad62f67b4b3830aecc8c2398 [stream]
[debug] [2021-06-24T18:21:30.270Z] >>> [apiv2][query] POST https://upload-firebasehosting.googleapis.com/upload/sites/blogino-a4581/versions/239d7b7cc7d5641d/files/b336d3a01920697b4b3d7d517eb80bf2b955cf4af9db13579b23320e2b5db290 [none]
[debug] [2021-06-24T18:21:30.270Z] >>> [apiv2][body] POST https://upload-firebasehosting.googleapis.com/upload/sites/blogino-a4581/versions/239d7b7cc7d5641d/files/b336d3a01920697b4b3d7d517eb80bf2b955cf4af9db13579b23320e2b5db290 [stream]
[debug] [2021-06-24T18:21:30.271Z] >>> [apiv2][query] POST https://upload-firebasehosting.googleapis.com/upload/sites/blogino-a4581/versions/239d7b7cc7d5641d/files/aff3449bdc238776f5d6d967f19ec491b36aed5fb7f23ccff6500736fd58494a [none]
[debug] [2021-06-24T18:21:30.272Z] >>> [apiv2][body] POST https://upload-firebasehosting.googleapis.com/upload/sites/blogino-a4581/versions/239d7b7cc7d5641d/files/aff3449bdc238776f5d6d967f19ec491b36aed5fb7f23ccff6500736fd58494a [stream]
[debug] [2021-06-24T18:21:30.273Z] >>> [apiv2][query] POST https://upload-firebasehosting.googleapis.com/upload/sites/blogino-a4581/versions/239d7b7cc7d5641d/files/88dd9d161ba3791879cbcfd4a1f4e7cfda18a59ee3c8b53647a091e561f418d0 [none]
[debug] [2021-06-24T18:21:30.273Z] >>> [apiv2][body] POST https://upload-firebasehosting.googleapis.com/upload/sites/blogino-a4581/versions/239d7b7cc7d5641d/files/88dd9d161ba3791879cbcfd4a1f4e7cfda18a59ee3c8b53647a091e561f418d0 [stream]
[debug] [2021-06-24T18:21:30.274Z] >>> [apiv2][query] POST https://upload-firebasehosting.googleapis.com/upload/sites/blogino-a4581/versions/239d7b7cc7d5641d/files/655ed9fada162c9bcf2cb897f5affac1bc234ac7165b0e97abd112c7ac7089db [none]
[debug] [2021-06-24T18:21:30.274Z] >>> [apiv2][body] POST https://upload-firebasehosting.googleapis.com/upload/sites/blogino-a4581/versions/239d7b7cc7d5641d/files/655ed9fada162c9bcf2cb897f5affac1bc234ac7165b0e97abd112c7ac7089db [stream]
[debug] [2021-06-24T18:21:30.276Z] >>> [apiv2][query] POST https://upload-firebasehosting.googleapis.com/upload/sites/blogino-a4581/versions/239d7b7cc7d5641d/files/19b64319fb1869397d9c86c1aa936ef1fbf2c940cd885da437643ddff841da41 [none]
[debug] [2021-06-24T18:21:30.276Z] >>> [apiv2][body] POST https://upload-firebasehosting.googleapis.com/upload/sites/blogino-a4581/versions/239d7b7cc7d5641d/files/19b64319fb1869397d9c86c1aa936ef1fbf2c940cd885da437643ddff841da41 [stream]
[debug] [2021-06-24T18:21:30.278Z] >>> [apiv2][query] POST https://upload-firebasehosting.googleapis.com/upload/sites/blogino-a4581/versions/239d7b7cc7d5641d/files/ad9f08b125e4fdf20fb15e809328414da1be5855ac4e8ca76a2834bd7fa516e5 [none]
[debug] [2021-06-24T18:21:30.279Z] >>> [apiv2][body] POST https://upload-firebasehosting.googleapis.com/upload/sites/blogino-a4581/versions/239d7b7cc7d5641d/files/ad9f08b125e4fdf20fb15e809328414da1be5855ac4e8ca76a2834bd7fa516e5 [stream]
[debug] [2021-06-24T18:21:30.279Z] >>> [apiv2][query] POST https://upload-firebasehosting.googleapis.com/upload/sites/blogino-a4581/versions/239d7b7cc7d5641d/files/3ee59515172ee198f3be375979df15ac5345183e656720a381b8872b2a39dc8b [none]
[debug] [2021-06-24T18:21:30.279Z] >>> [apiv2][body] POST https://upload-firebasehosting.googleapis.com/upload/sites/blogino-a4581/versions/239d7b7cc7d5641d/files/3ee59515172ee198f3be375979df15ac5345183e656720a381b8872b2a39dc8b [stream]
[debug] [2021-06-24T18:21:30.280Z] >>> [apiv2][query] POST https://upload-firebasehosting.googleapis.com/upload/sites/blogino-a4581/versions/239d7b7cc7d5641d/files/ab01a31cb285b13e2a0015cbf05a183ae454ac258831b5669bd92f443ad9dcd8 [none]
[debug] [2021-06-24T18:21:30.281Z] >>> [apiv2][body] POST https://upload-firebasehosting.googleapis.com/upload/sites/blogino-a4581/versions/239d7b7cc7d5641d/files/ab01a31cb285b13e2a0015cbf05a183ae454ac258831b5669bd92f443ad9dcd8 [stream]
[debug] [2021-06-24T18:21:30.281Z] >>> [apiv2][query] POST https://upload-firebasehosting.googleapis.com/upload/sites/blogino-a4581/versions/239d7b7cc7d5641d/files/1206c31c90718727794318b3727f7ce4e45094a5d0d996c501234c28a38ef8a0 [none]
[debug] [2021-06-24T18:21:30.282Z] >>> [apiv2][body] POST https://upload-firebasehosting.googleapis.com/upload/sites/blogino-a4581/versions/239d7b7cc7d5641d/files/1206c31c90718727794318b3727f7ce4e45094a5d0d996c501234c28a38ef8a0 [stream]
[debug] [2021-06-24T18:21:30.282Z] >>> [apiv2][query] POST https://upload-firebasehosting.googleapis.com/upload/sites/blogino-a4581/versions/239d7b7cc7d5641d/files/ee7e2f3fdb8209c4b6fd7bef6ba50d1b9dba30a25bb5c3126df057e1cb6f5331 [none]
[debug] [2021-06-24T18:21:30.282Z] >>> [apiv2][body] POST https://upload-firebasehosting.googleapis.com/upload/sites/blogino-a4581/versions/239d7b7cc7d5641d/files/ee7e2f3fdb8209c4b6fd7bef6ba50d1b9dba30a25bb5c3126df057e1cb6f5331 [stream]
[debug] [2021-06-24T18:21:30.283Z] >>> [apiv2][query] POST https://upload-firebasehosting.googleapis.com/upload/sites/blogino-a4581/versions/239d7b7cc7d5641d/files/aeb11c843710286c783076bf2245df590db845a771910be17a78531b27b51b37 [none]
[debug] [2021-06-24T18:21:30.283Z] >>> [apiv2][body] POST https://upload-firebasehosting.googleapis.com/upload/sites/blogino-a4581/versions/239d7b7cc7d5641d/files/aeb11c843710286c783076bf2245df590db845a771910be17a78531b27b51b37 [stream]
[debug] [2021-06-24T18:21:30.284Z] >>> [apiv2][query] POST https://upload-firebasehosting.googleapis.com/upload/sites/blogino-a4581/versions/239d7b7cc7d5641d/files/b398edd189c03a89504c06288daaa34a77c22a5da6d848aaad24031f25922bb9 [none]
[debug] [2021-06-24T18:21:30.284Z] >>> [apiv2][body] POST https://upload-firebasehosting.googleapis.com/upload/sites/blogino-a4581/versions/239d7b7cc7d5641d/files/b398edd189c03a89504c06288daaa34a77c22a5da6d848aaad24031f25922bb9 [stream]
[debug] [2021-06-24T18:21:30.285Z] >>> [apiv2][query] POST https://upload-firebasehosting.googleapis.com/upload/sites/blogino-a4581/versions/239d7b7cc7d5641d/files/ae458d1577c7a25a53656c730e83b9ff215bb13f08d4fec9e41234cd5d03c9c2 [none]
[debug] [2021-06-24T18:21:30.285Z] >>> [apiv2][body] POST https://upload-firebasehosting.googleapis.com/upload/sites/blogino-a4581/versions/239d7b7cc7d5641d/files/ae458d1577c7a25a53656c730e83b9ff215bb13f08d4fec9e41234cd5d03c9c2 [stream]
[debug] [2021-06-24T18:21:30.286Z] >>> [apiv2][query] POST https://upload-firebasehosting.googleapis.com/upload/sites/blogino-a4581/versions/239d7b7cc7d5641d/files/30083c743bf229ae37f0e628d9c3515b2a06e92eda4232cf2746b03cc17043df [none]
[debug] [2021-06-24T18:21:30.286Z] >>> [apiv2][body] POST https://upload-firebasehosting.googleapis.com/upload/sites/blogino-a4581/versions/239d7b7cc7d5641d/files/30083c743bf229ae37f0e628d9c3515b2a06e92eda4232cf2746b03cc17043df [stream]
[debug] [2021-06-24T18:21:30.287Z] >>> [apiv2][query] POST https://upload-firebasehosting.googleapis.com/upload/sites/blogino-a4581/versions/239d7b7cc7d5641d/files/26f85363f5cee253698477ed8c40683ba5198ea2605225b10eacf218e6229ebd [none]
[debug] [2021-06-24T18:21:30.287Z] >>> [apiv2][body] POST https://upload-firebasehosting.googleapis.com/upload/sites/blogino-a4581/versions/239d7b7cc7d5641d/files/26f85363f5cee253698477ed8c40683ba5198ea2605225b10eacf218e6229ebd [stream]
[debug] [2021-06-24T18:21:30.288Z] >>> [apiv2][query] POST https://upload-firebasehosting.googleapis.com/upload/sites/blogino-a4581/versions/239d7b7cc7d5641d/files/52b9a169969e053d43df6bd21c4dc789c2518d99afd8590a17ef50cd24c77cf6 [none]
[debug] [2021-06-24T18:21:30.288Z] >>> [apiv2][body] POST https://upload-firebasehosting.googleapis.com/upload/sites/blogino-a4581/versions/239d7b7cc7d5641d/files/52b9a169969e053d43df6bd21c4dc789c2518d99afd8590a17ef50cd24c77cf6 [stream]
[debug] [2021-06-24T18:21:30.289Z] >>> [apiv2][query] POST https://upload-firebasehosting.googleapis.com/upload/sites/blogino-a4581/versions/239d7b7cc7d5641d/files/f93d56bdc229cffc6b9deb2415baf77bb796d4ead94868af82e95eeefb351ac7 [none]
[debug] [2021-06-24T18:21:30.289Z] >>> [apiv2][body] POST https://upload-firebasehosting.googleapis.com/upload/sites/blogino-a4581/versions/239d7b7cc7d5641d/files/f93d56bdc229cffc6b9deb2415baf77bb796d4ead94868af82e95eeefb351ac7 [stream]
[debug] [2021-06-24T18:21:30.290Z] >>> [apiv2][query] POST https://upload-firebasehosting.googleapis.com/upload/sites/blogino-a4581/versions/239d7b7cc7d5641d/files/1ccc69a07b160679513b5d315e4390c633a1bd3f49bd5e3ca27f7abfcfed8709 [none]
[debug] [2021-06-24T18:21:30.290Z] >>> [apiv2][body] POST https://upload-firebasehosting.googleapis.com/upload/sites/blogino-a4581/versions/239d7b7cc7d5641d/files/1ccc69a07b160679513b5d315e4390c633a1bd3f49bd5e3ca27f7abfcfed8709 [stream]
[debug] [2021-06-24T18:21:30.291Z] >>> [apiv2][query] POST https://upload-firebasehosting.googleapis.com/upload/sites/blogino-a4581/versions/239d7b7cc7d5641d/files/029a727c9e1081d2f9e1015f02f18da88f268512ea4f58589a6f17f532928530 [none]
[debug] [2021-06-24T18:21:30.292Z] >>> [apiv2][body] POST https://upload-firebasehosting.googleapis.com/upload/sites/blogino-a4581/versions/239d7b7cc7d5641d/files/029a727c9e1081d2f9e1015f02f18da88f268512ea4f58589a6f17f532928530 [stream]
[debug] [2021-06-24T18:21:30.293Z] >>> [apiv2][query] POST https://upload-firebasehosting.googleapis.com/upload/sites/blogino-a4581/versions/239d7b7cc7d5641d/files/541cf9f228bc3ec3dc8b7b81f10cbd46abc6986d13a959d7e9545bc1c853b0e8 [none]
[debug] [2021-06-24T18:21:30.293Z] >>> [apiv2][body] POST https://upload-firebasehosting.googleapis.com/upload/sites/blogino-a4581/versions/239d7b7cc7d5641d/files/541cf9f228bc3ec3dc8b7b81f10cbd46abc6986d13a959d7e9545bc1c853b0e8 [stream]
[debug] [2021-06-24T18:21:30.294Z] >>> [apiv2][query] POST https://upload-firebasehosting.googleapis.com/upload/sites/blogino-a4581/versions/239d7b7cc7d5641d/files/6aad751007cf9a89350af287f824ab64f096c472c7c9c679fb3d55b6174fc004 [none]
[debug] [2021-06-24T18:21:30.295Z] >>> [apiv2][body] POST https://upload-firebasehosting.googleapis.com/upload/sites/blogino-a4581/versions/239d7b7cc7d5641d/files/6aad751007cf9a89350af287f824ab64f096c472c7c9c679fb3d55b6174fc004 [stream]
[debug] [2021-06-24T18:21:30.295Z] >>> [apiv2][query] POST https://upload-firebasehosting.googleapis.com/upload/sites/blogino-a4581/versions/239d7b7cc7d5641d/files/d55a06961f0f81ab9d1f88385d14871fba961a3d08b27f37d1ca7d22c924b18b [none]
[debug] [2021-06-24T18:21:30.295Z] >>> [apiv2][body] POST https://upload-firebasehosting.googleapis.com/upload/sites/blogino-a4581/versions/239d7b7cc7d5641d/files/d55a06961f0f81ab9d1f88385d14871fba961a3d08b27f37d1ca7d22c924b18b [stream]
[debug] [2021-06-24T18:21:30.296Z] >>> [apiv2][query] POST https://upload-firebasehosting.googleapis.com/upload/sites/blogino-a4581/versions/239d7b7cc7d5641d/files/82137f98971d1bd49259af67cbc5b854d6d814e904a06922d20a474f10e2b5da [none]
[debug] [2021-06-24T18:21:30.296Z] >>> [apiv2][body] POST https://upload-firebasehosting.googleapis.com/upload/sites/blogino-a4581/versions/239d7b7cc7d5641d/files/82137f98971d1bd49259af67cbc5b854d6d814e904a06922d20a474f10e2b5da [stream]
[debug] [2021-06-24T18:21:30.297Z] >>> [apiv2][query] POST https://upload-firebasehosting.googleapis.com/upload/sites/blogino-a4581/versions/239d7b7cc7d5641d/files/eae62e993eb980ec8a25058c39d5a51feab118bd2100c4deebb2a9c158ec11f9 [none]
[debug] [2021-06-24T18:21:30.297Z] >>> [apiv2][body] POST https://upload-firebasehosting.googleapis.com/upload/sites/blogino-a4581/versions/239d7b7cc7d5641d/files/eae62e993eb980ec8a25058c39d5a51feab118bd2100c4deebb2a9c158ec11f9 [stream]
[debug] [2021-06-24T18:21:30.298Z] >>> [apiv2][query] POST https://upload-firebasehosting.googleapis.com/upload/sites/blogino-a4581/versions/239d7b7cc7d5641d/files/6a75b49e039579efd7910c10e7a64a19d3ec7d85f60693d4acd7ec15428aabbe [none]
[debug] [2021-06-24T18:21:30.298Z] >>> [apiv2][body] POST https://upload-firebasehosting.googleapis.com/upload/sites/blogino-a4581/versions/239d7b7cc7d5641d/files/6a75b49e039579efd7910c10e7a64a19d3ec7d85f60693d4acd7ec15428aabbe [stream]
[debug] [2021-06-24T18:21:30.299Z] >>> [apiv2][query] POST https://upload-firebasehosting.googleapis.com/upload/sites/blogino-a4581/versions/239d7b7cc7d5641d/files/d00477d40ed40fa1dd3bdee27d9286804121b15fea83bae7d5415d902b055de0 [none]
[debug] [2021-06-24T18:21:30.299Z] >>> [apiv2][body] POST https://upload-firebasehosting.googleapis.com/upload/sites/blogino-a4581/versions/239d7b7cc7d5641d/files/d00477d40ed40fa1dd3bdee27d9286804121b15fea83bae7d5415d902b055de0 [stream]
[debug] [2021-06-24T18:21:30.300Z] >>> [apiv2][query] POST https://upload-firebasehosting.googleapis.com/upload/sites/blogino-a4581/versions/239d7b7cc7d5641d/files/bfe106a3fb878dc83461c86818bf74fc1bdc7f28538ba613cd3e775516ce8b49 [none]
[debug] [2021-06-24T18:21:30.300Z] >>> [apiv2][body] POST https://upload-firebasehosting.googleapis.com/upload/sites/blogino-a4581/versions/239d7b7cc7d5641d/files/bfe106a3fb878dc83461c86818bf74fc1bdc7f28538ba613cd3e775516ce8b49 [stream]
[debug] [2021-06-24T18:21:30.301Z] [hosting][populate queue][FINAL] {"max":2584,"min":2584,"avg":2584,"active":0,"complete":1,"success":1,"errored":0,"retried":0,"total":1,"elapsed":2625}
[debug] [2021-06-24T18:21:30.301Z] [hosting] uploads queued: 33
[debug] [2021-06-24T18:21:41.780Z] [uploadQueue] Retrying task 76381b85446ebfc3375d4ac949117f6b54fb4e505b8007ae994bb710f866adba
[debug] [2021-06-24T18:21:41.781Z] >>> [apiv2][query] POST https://upload-firebasehosting.googleapis.com/upload/sites/blogino-a4581/versions/239d7b7cc7d5641d/files/76381b85446ebfc3375d4ac949117f6b54fb4e505b8007ae994bb710f866adba [none]
[debug] [2021-06-24T18:21:41.781Z] >>> [apiv2][body] POST https://upload-firebasehosting.googleapis.com/upload/sites/blogino-a4581/versions/239d7b7cc7d5641d/files/76381b85446ebfc3375d4ac949117f6b54fb4e505b8007ae994bb710f866adba [stream]
[debug] [2021-06-24T18:21:41.783Z] [uploadQueue] Retrying task 83979512d83db5ac0d183962fe4cc60b42cca76da74aa1c5fbefe04825f9f785
[debug] [2021-06-24T18:21:41.783Z] >>> [apiv2][query] POST https://upload-firebasehosting.googleapis.com/upload/sites/blogino-a4581/versions/239d7b7cc7d5641d/files/83979512d83db5ac0d183962fe4cc60b42cca76da74aa1c5fbefe04825f9f785 [none]
[debug] [2021-06-24T18:21:41.783Z] >>> [apiv2][body] POST https://upload-firebasehosting.googleapis.com/upload/sites/blogino-a4581/versions/239d7b7cc7d5641d/files/83979512d83db5ac0d183962fe4cc60b42cca76da74aa1c5fbefe04825f9f785 [stream]
[debug] [2021-06-24T18:21:52.853Z] [uploadQueue] Retrying task c585584484a53b95995eae5e565865edbb98d9007477a6dfd1db955529815c2b
[debug] [2021-06-24T18:21:52.854Z] >>> [apiv2][query] POST https://upload-firebasehosting.googleapis.com/upload/sites/blogino-a4581/versions/239d7b7cc7d5641d/files/c585584484a53b95995eae5e565865edbb98d9007477a6dfd1db955529815c2b [none]
[debug] [2021-06-24T18:21:52.854Z] >>> [apiv2][body] POST https://upload-firebasehosting.googleapis.com/upload/sites/blogino-a4581/versions/239d7b7cc7d5641d/files/c585584484a53b95995eae5e565865edbb98d9007477a6dfd1db955529815c2b [stream]
[debug] [2021-06-24T18:21:52.855Z] [uploadQueue] Retrying task 6f556f95e2c442246d7b2e88319929a29fc2da88ad35fe6fff92d894c9bbc095
[debug] [2021-06-24T18:21:52.855Z] >>> [apiv2][query] POST https://upload-firebasehosting.googleapis.com/upload/sites/blogino-a4581/versions/239d7b7cc7d5641d/files/6f556f95e2c442246d7b2e88319929a29fc2da88ad35fe6fff92d894c9bbc095 [none]
[debug] [2021-06-24T18:21:52.855Z] >>> [apiv2][body] POST https://upload-firebasehosting.googleapis.com/upload/sites/blogino-a4581/versions/239d7b7cc7d5641d/files/6f556f95e2c442246d7b2e88319929a29fc2da88ad35fe6fff92d894c9bbc095 [stream]
[debug] [2021-06-24T18:21:57.230Z] <<< [apiv2][status] POST https://upload-firebasehosting.googleapis.com/upload/sites/blogino-a4581/versions/239d7b7cc7d5641d/files/3ee59515172ee198f3be375979df15ac5345183e656720a381b8872b2a39dc8b 200
[debug] [2021-06-24T18:21:57.231Z] <<< [apiv2][body] POST https://upload-firebasehosting.googleapis.com/upload/sites/blogino-a4581/versions/239d7b7cc7d5641d/files/3ee59515172ee198f3be375979df15ac5345183e656720a381b8872b2a39dc8b [stream]
[debug] [2021-06-24T18:21:57.254Z] <<< [apiv2][status] POST https://upload-firebasehosting.googleapis.com/upload/sites/blogino-a4581/versions/239d7b7cc7d5641d/files/029a727c9e1081d2f9e1015f02f18da88f268512ea4f58589a6f17f532928530 200
[debug] [2021-06-24T18:21:57.254Z] <<< [apiv2][body] POST https://upload-firebasehosting.googleapis.com/upload/sites/blogino-a4581/versions/239d7b7cc7d5641d/files/029a727c9e1081d2f9e1015f02f18da88f268512ea4f58589a6f17f532928530 [stream]
[debug] [2021-06-24T18:21:57.274Z] <<< [apiv2][status] POST https://upload-firebasehosting.googleapis.com/upload/sites/blogino-a4581/versions/239d7b7cc7d5641d/files/b336d3a01920697b4b3d7d517eb80bf2b955cf4af9db13579b23320e2b5db290 200
[debug] [2021-06-24T18:21:57.275Z] <<< [apiv2][body] POST https://upload-firebasehosting.googleapis.com/upload/sites/blogino-a4581/versions/239d7b7cc7d5641d/files/b336d3a01920697b4b3d7d517eb80bf2b955cf4af9db13579b23320e2b5db290 [stream]
[debug] [2021-06-24T18:21:57.310Z] <<< [apiv2][status] POST https://upload-firebasehosting.googleapis.com/upload/sites/blogino-a4581/versions/239d7b7cc7d5641d/files/aff3449bdc238776f5d6d967f19ec491b36aed5fb7f23ccff6500736fd58494a 200
[debug] [2021-06-24T18:21:57.310Z] <<< [apiv2][body] POST https://upload-firebasehosting.googleapis.com/upload/sites/blogino-a4581/versions/239d7b7cc7d5641d/files/aff3449bdc238776f5d6d967f19ec491b36aed5fb7f23ccff6500736fd58494a [stream]
[debug] [2021-06-24T18:21:57.331Z] <<< [apiv2][status] POST https://upload-firebasehosting.googleapis.com/upload/sites/blogino-a4581/versions/239d7b7cc7d5641d/files/eae62e993eb980ec8a25058c39d5a51feab118bd2100c4deebb2a9c158ec11f9 200
[debug] [2021-06-24T18:21:57.331Z] <<< [apiv2][body] POST https://upload-firebasehosting.googleapis.com/upload/sites/blogino-a4581/versions/239d7b7cc7d5641d/files/eae62e993eb980ec8a25058c39d5a51feab118bd2100c4deebb2a9c158ec11f9 [stream]
[debug] [2021-06-24T18:21:57.335Z] <<< [apiv2][status] POST https://upload-firebasehosting.googleapis.com/upload/sites/blogino-a4581/versions/239d7b7cc7d5641d/files/ee7e2f3fdb8209c4b6fd7bef6ba50d1b9dba30a25bb5c3126df057e1cb6f5331 200
[debug] [2021-06-24T18:21:57.335Z] <<< [apiv2][body] POST https://upload-firebasehosting.googleapis.com/upload/sites/blogino-a4581/versions/239d7b7cc7d5641d/files/ee7e2f3fdb8209c4b6fd7bef6ba50d1b9dba30a25bb5c3126df057e1cb6f5331 [stream]
[debug] [2021-06-24T18:21:57.360Z] <<< [apiv2][status] POST https://upload-firebasehosting.googleapis.com/upload/sites/blogino-a4581/versions/239d7b7cc7d5641d/files/b398edd189c03a89504c06288daaa34a77c22a5da6d848aaad24031f25922bb9 200
[debug] [2021-06-24T18:21:57.360Z] <<< [apiv2][body] POST https://upload-firebasehosting.googleapis.com/upload/sites/blogino-a4581/versions/239d7b7cc7d5641d/files/b398edd189c03a89504c06288daaa34a77c22a5da6d848aaad24031f25922bb9 [stream]
[debug] [2021-06-24T18:21:57.366Z] <<< [apiv2][status] POST https://upload-firebasehosting.googleapis.com/upload/sites/blogino-a4581/versions/239d7b7cc7d5641d/files/6aad751007cf9a89350af287f824ab64f096c472c7c9c679fb3d55b6174fc004 200
[debug] [2021-06-24T18:21:57.366Z] <<< [apiv2][body] POST https://upload-firebasehosting.googleapis.com/upload/sites/blogino-a4581/versions/239d7b7cc7d5641d/files/6aad751007cf9a89350af287f824ab64f096c472c7c9c679fb3d55b6174fc004 [stream]
[debug] [2021-06-24T18:21:57.382Z] <<< [apiv2][status] POST https://upload-firebasehosting.googleapis.com/upload/sites/blogino-a4581/versions/239d7b7cc7d5641d/files/c585584484a53b95995eae5e565865edbb98d9007477a6dfd1db955529815c2b 200
[debug] [2021-06-24T18:21:57.383Z] <<< [apiv2][body] POST https://upload-firebasehosting.googleapis.com/upload/sites/blogino-a4581/versions/239d7b7cc7d5641d/files/c585584484a53b95995eae5e565865edbb98d9007477a6dfd1db955529815c2b [stream]
[debug] [2021-06-24T18:21:57.390Z] <<< [apiv2][status] POST https://upload-firebasehosting.googleapis.com/upload/sites/blogino-a4581/versions/239d7b7cc7d5641d/files/1206c31c90718727794318b3727f7ce4e45094a5d0d996c501234c28a38ef8a0 200
[debug] [2021-06-24T18:21:57.390Z] <<< [apiv2][body] POST https://upload-firebasehosting.googleapis.com/upload/sites/blogino-a4581/versions/239d7b7cc7d5641d/files/1206c31c90718727794318b3727f7ce4e45094a5d0d996c501234c28a38ef8a0 [stream]
[debug] [2021-06-24T18:21:57.406Z] <<< [apiv2][status] POST https://upload-firebasehosting.googleapis.com/upload/sites/blogino-a4581/versions/239d7b7cc7d5641d/files/6a75b49e039579efd7910c10e7a64a19d3ec7d85f60693d4acd7ec15428aabbe 200
[debug] [2021-06-24T18:21:57.407Z] <<< [apiv2][body] POST https://upload-firebasehosting.googleapis.com/upload/sites/blogino-a4581/versions/239d7b7cc7d5641d/files/6a75b49e039579efd7910c10e7a64a19d3ec7d85f60693d4acd7ec15428aabbe [stream]
[debug] [2021-06-24T18:21:57.418Z] <<< [apiv2][status] POST https://upload-firebasehosting.googleapis.com/upload/sites/blogino-a4581/versions/239d7b7cc7d5641d/files/aeb11c843710286c783076bf2245df590db845a771910be17a78531b27b51b37 200
[debug] [2021-06-24T18:21:57.418Z] <<< [apiv2][body] POST https://upload-firebasehosting.googleapis.com/upload/sites/blogino-a4581/versions/239d7b7cc7d5641d/files/aeb11c843710286c783076bf2245df590db845a771910be17a78531b27b51b37 [stream]
[debug] [2021-06-24T18:21:57.458Z] <<< [apiv2][status] POST https://upload-firebasehosting.googleapis.com/upload/sites/blogino-a4581/versions/239d7b7cc7d5641d/files/f93d56bdc229cffc6b9deb2415baf77bb796d4ead94868af82e95eeefb351ac7 200
[debug] [2021-06-24T18:21:57.459Z] <<< [apiv2][body] POST https://upload-firebasehosting.googleapis.com/upload/sites/blogino-a4581/versions/239d7b7cc7d5641d/files/f93d56bdc229cffc6b9deb2415baf77bb796d4ead94868af82e95eeefb351ac7 [stream]
[debug] [2021-06-24T18:21:57.495Z] <<< [apiv2][status] POST https://upload-firebasehosting.googleapis.com/upload/sites/blogino-a4581/versions/239d7b7cc7d5641d/files/541cf9f228bc3ec3dc8b7b81f10cbd46abc6986d13a959d7e9545bc1c853b0e8 200
[debug] [2021-06-24T18:21:57.495Z] <<< [apiv2][body] POST https://upload-firebasehosting.googleapis.com/upload/sites/blogino-a4581/versions/239d7b7cc7d5641d/files/541cf9f228bc3ec3dc8b7b81f10cbd46abc6986d13a959d7e9545bc1c853b0e8 [stream]
[debug] [2021-06-24T18:21:57.534Z] <<< [apiv2][status] POST https://upload-firebasehosting.googleapis.com/upload/sites/blogino-a4581/versions/239d7b7cc7d5641d/files/83979512d83db5ac0d183962fe4cc60b42cca76da74aa1c5fbefe04825f9f785 200
[debug] [2021-06-24T18:21:57.534Z] <<< [apiv2][body] POST https://upload-firebasehosting.googleapis.com/upload/sites/blogino-a4581/versions/239d7b7cc7d5641d/files/83979512d83db5ac0d183962fe4cc60b42cca76da74aa1c5fbefe04825f9f785 [stream]
[debug] [2021-06-24T18:21:57.613Z] <<< [apiv2][status] POST https://upload-firebasehosting.googleapis.com/upload/sites/blogino-a4581/versions/239d7b7cc7d5641d/files/30083c743bf229ae37f0e628d9c3515b2a06e92eda4232cf2746b03cc17043df 200
[debug] [2021-06-24T18:21:57.613Z] <<< [apiv2][body] POST https://upload-firebasehosting.googleapis.com/upload/sites/blogino-a4581/versions/239d7b7cc7d5641d/files/30083c743bf229ae37f0e628d9c3515b2a06e92eda4232cf2746b03cc17043df [stream]
[debug] [2021-06-24T18:21:57.620Z] <<< [apiv2][status] POST https://upload-firebasehosting.googleapis.com/upload/sites/blogino-a4581/versions/239d7b7cc7d5641d/files/52b9a169969e053d43df6bd21c4dc789c2518d99afd8590a17ef50cd24c77cf6 200
[debug] [2021-06-24T18:21:57.622Z] <<< [apiv2][body] POST https://upload-firebasehosting.googleapis.com/upload/sites/blogino-a4581/versions/239d7b7cc7d5641d/files/52b9a169969e053d43df6bd21c4dc789c2518d99afd8590a17ef50cd24c77cf6 [stream]
[debug] [2021-06-24T18:21:57.653Z] <<< [apiv2][status] POST https://upload-firebasehosting.googleapis.com/upload/sites/blogino-a4581/versions/239d7b7cc7d5641d/files/ad9f08b125e4fdf20fb15e809328414da1be5855ac4e8ca76a2834bd7fa516e5 200
[debug] [2021-06-24T18:21:57.653Z] <<< [apiv2][body] POST https://upload-firebasehosting.googleapis.com/upload/sites/blogino-a4581/versions/239d7b7cc7d5641d/files/ad9f08b125e4fdf20fb15e809328414da1be5855ac4e8ca76a2834bd7fa516e5 [stream]
[debug] [2021-06-24T18:21:57.655Z] <<< [apiv2][status] POST https://upload-firebasehosting.googleapis.com/upload/sites/blogino-a4581/versions/239d7b7cc7d5641d/files/655ed9fada162c9bcf2cb897f5affac1bc234ac7165b0e97abd112c7ac7089db 200
[debug] [2021-06-24T18:21:57.655Z] <<< [apiv2][body] POST https://upload-firebasehosting.googleapis.com/upload/sites/blogino-a4581/versions/239d7b7cc7d5641d/files/655ed9fada162c9bcf2cb897f5affac1bc234ac7165b0e97abd112c7ac7089db [stream]
[debug] [2021-06-24T18:21:57.717Z] <<< [apiv2][status] POST https://upload-firebasehosting.googleapis.com/upload/sites/blogino-a4581/versions/239d7b7cc7d5641d/files/d00477d40ed40fa1dd3bdee27d9286804121b15fea83bae7d5415d902b055de0 200
[debug] [2021-06-24T18:21:57.717Z] <<< [apiv2][body] POST https://upload-firebasehosting.googleapis.com/upload/sites/blogino-a4581/versions/239d7b7cc7d5641d/files/d00477d40ed40fa1dd3bdee27d9286804121b15fea83bae7d5415d902b055de0 [stream]
[debug] [2021-06-24T18:21:57.766Z] <<< [apiv2][status] POST https://upload-firebasehosting.googleapis.com/upload/sites/blogino-a4581/versions/239d7b7cc7d5641d/files/26f85363f5cee253698477ed8c40683ba5198ea2605225b10eacf218e6229ebd 200
[debug] [2021-06-24T18:21:57.767Z] <<< [apiv2][body] POST https://upload-firebasehosting.googleapis.com/upload/sites/blogino-a4581/versions/239d7b7cc7d5641d/files/26f85363f5cee253698477ed8c40683ba5198ea2605225b10eacf218e6229ebd [stream]
[debug] [2021-06-24T18:21:57.806Z] <<< [apiv2][status] POST https://upload-firebasehosting.googleapis.com/upload/sites/blogino-a4581/versions/239d7b7cc7d5641d/files/d55a06961f0f81ab9d1f88385d14871fba961a3d08b27f37d1ca7d22c924b18b 200
[debug] [2021-06-24T18:21:57.806Z] <<< [apiv2][body] POST https://upload-firebasehosting.googleapis.com/upload/sites/blogino-a4581/versions/239d7b7cc7d5641d/files/d55a06961f0f81ab9d1f88385d14871fba961a3d08b27f37d1ca7d22c924b18b [stream]
[debug] [2021-06-24T18:21:57.846Z] <<< [apiv2][status] POST https://upload-firebasehosting.googleapis.com/upload/sites/blogino-a4581/versions/239d7b7cc7d5641d/files/bfe106a3fb878dc83461c86818bf74fc1bdc7f28538ba613cd3e775516ce8b49 200
[debug] [2021-06-24T18:21:57.847Z] <<< [apiv2][body] POST https://upload-firebasehosting.googleapis.com/upload/sites/blogino-a4581/versions/239d7b7cc7d5641d/files/bfe106a3fb878dc83461c86818bf74fc1bdc7f28538ba613cd3e775516ce8b49 [stream]
[debug] [2021-06-24T18:21:57.851Z] <<< [apiv2][status] POST https://upload-firebasehosting.googleapis.com/upload/sites/blogino-a4581/versions/239d7b7cc7d5641d/files/0d473edd21fd30fdc3b5d622151334d5faa0e5c8370d00d9e93f14c77be6ac97 200
[debug] [2021-06-24T18:21:57.851Z] <<< [apiv2][body] POST https://upload-firebasehosting.googleapis.com/upload/sites/blogino-a4581/versions/239d7b7cc7d5641d/files/0d473edd21fd30fdc3b5d622151334d5faa0e5c8370d00d9e93f14c77be6ac97 [stream]
[debug] [2021-06-24T18:21:57.970Z] <<< [apiv2][status] POST https://upload-firebasehosting.googleapis.com/upload/sites/blogino-a4581/versions/239d7b7cc7d5641d/files/6f556f95e2c442246d7b2e88319929a29fc2da88ad35fe6fff92d894c9bbc095 200
[debug] [2021-06-24T18:21:57.970Z] <<< [apiv2][body] POST https://upload-firebasehosting.googleapis.com/upload/sites/blogino-a4581/versions/239d7b7cc7d5641d/files/6f556f95e2c442246d7b2e88319929a29fc2da88ad35fe6fff92d894c9bbc095 [stream]
[debug] [2021-06-24T18:21:58.106Z] <<< [apiv2][status] POST https://upload-firebasehosting.googleapis.com/upload/sites/blogino-a4581/versions/239d7b7cc7d5641d/files/1ccc69a07b160679513b5d315e4390c633a1bd3f49bd5e3ca27f7abfcfed8709 200
[debug] [2021-06-24T18:21:58.107Z] <<< [apiv2][body] POST https://upload-firebasehosting.googleapis.com/upload/sites/blogino-a4581/versions/239d7b7cc7d5641d/files/1ccc69a07b160679513b5d315e4390c633a1bd3f49bd5e3ca27f7abfcfed8709 [stream]
[debug] [2021-06-24T18:21:58.283Z] <<< [apiv2][status] POST https://upload-firebasehosting.googleapis.com/upload/sites/blogino-a4581/versions/239d7b7cc7d5641d/files/76381b85446ebfc3375d4ac949117f6b54fb4e505b8007ae994bb710f866adba 200
[debug] [2021-06-24T18:21:58.283Z] <<< [apiv2][body] POST https://upload-firebasehosting.googleapis.com/upload/sites/blogino-a4581/versions/239d7b7cc7d5641d/files/76381b85446ebfc3375d4ac949117f6b54fb4e505b8007ae994bb710f866adba [stream]
[debug] [2021-06-24T18:21:58.293Z] <<< [apiv2][status] POST https://upload-firebasehosting.googleapis.com/upload/sites/blogino-a4581/versions/239d7b7cc7d5641d/files/82137f98971d1bd49259af67cbc5b854d6d814e904a06922d20a474f10e2b5da 200
[debug] [2021-06-24T18:21:58.294Z] <<< [apiv2][body] POST https://upload-firebasehosting.googleapis.com/upload/sites/blogino-a4581/versions/239d7b7cc7d5641d/files/82137f98971d1bd49259af67cbc5b854d6d814e904a06922d20a474f10e2b5da [stream]
[debug] [2021-06-24T18:21:58.784Z] <<< [apiv2][status] POST https://upload-firebasehosting.googleapis.com/upload/sites/blogino-a4581/versions/239d7b7cc7d5641d/files/ae458d1577c7a25a53656c730e83b9ff215bb13f08d4fec9e41234cd5d03c9c2 200
[debug] [2021-06-24T18:21:58.784Z] <<< [apiv2][body] POST https://upload-firebasehosting.googleapis.com/upload/sites/blogino-a4581/versions/239d7b7cc7d5641d/files/ae458d1577c7a25a53656c730e83b9ff215bb13f08d4fec9e41234cd5d03c9c2 [stream]
[debug] [2021-06-24T18:21:59.212Z] <<< [apiv2][status] POST https://upload-firebasehosting.googleapis.com/upload/sites/blogino-a4581/versions/239d7b7cc7d5641d/files/dafdcfd4f39f986c309b56ea43c3d54aca3f1f42ad62f67b4b3830aecc8c2398 200
[debug] [2021-06-24T18:21:59.213Z] <<< [apiv2][body] POST https://upload-firebasehosting.googleapis.com/upload/sites/blogino-a4581/versions/239d7b7cc7d5641d/files/dafdcfd4f39f986c309b56ea43c3d54aca3f1f42ad62f67b4b3830aecc8c2398 [stream]
[debug] [2021-06-24T18:22:01.290Z] <<< [apiv2][status] POST https://upload-firebasehosting.googleapis.com/upload/sites/blogino-a4581/versions/239d7b7cc7d5641d/files/88dd9d161ba3791879cbcfd4a1f4e7cfda18a59ee3c8b53647a091e561f418d0 200
[debug] [2021-06-24T18:22:01.291Z] <<< [apiv2][body] POST https://upload-firebasehosting.googleapis.com/upload/sites/blogino-a4581/versions/239d7b7cc7d5641d/files/88dd9d161ba3791879cbcfd4a1f4e7cfda18a59ee3c8b53647a091e561f418d0 [stream]
[debug] [2021-06-24T18:22:03.622Z] <<< [apiv2][status] POST https://upload-firebasehosting.googleapis.com/upload/sites/blogino-a4581/versions/239d7b7cc7d5641d/files/19b64319fb1869397d9c86c1aa936ef1fbf2c940cd885da437643ddff841da41 200
[debug] [2021-06-24T18:22:03.622Z] <<< [apiv2][body] POST https://upload-firebasehosting.googleapis.com/upload/sites/blogino-a4581/versions/239d7b7cc7d5641d/files/19b64319fb1869397d9c86c1aa936ef1fbf2c940cd885da437643ddff841da41 [stream]
[debug] [2021-06-24T18:22:05.574Z] <<< [apiv2][status] POST https://upload-firebasehosting.googleapis.com/upload/sites/blogino-a4581/versions/239d7b7cc7d5641d/files/ab01a31cb285b13e2a0015cbf05a183ae454ac258831b5669bd92f443ad9dcd8 200
[debug] [2021-06-24T18:22:05.574Z] <<< [apiv2][body] POST https://upload-firebasehosting.googleapis.com/upload/sites/blogino-a4581/versions/239d7b7cc7d5641d/files/ab01a31cb285b13e2a0015cbf05a183ae454ac258831b5669bd92f443ad9dcd8 [stream]
[debug] [2021-06-24T18:22:05.575Z] [hosting][upload queue][FINAL] {"max":35324,"min":4530,"avg":25897.909090909092,"active":0,"complete":33,"success":33,"errored":0,"retried":4,"total":33,"elapsed":35330}
[info] +  hosting[blogino-a4581]: file upload complete 
[debug] [2021-06-24T18:22:05.577Z] [hosting] deploy completed after 38465ms
[debug] [2021-06-24T18:22:06.396Z] [
  {
    "config": {
      "public": "build",
      "ignore": [
        "firebase.json",
        "**/.*",
        "**/node_modules/**"
      ],
      "rewrites": [
        {
          "source": "**",
          "destination": "/index.html"
        }
      ],
      "site": "blogino-a4581"
    },
    "site": "blogino-a4581",
    "version": "sites/blogino-a4581/versions/239d7b7cc7d5641d"
  }
]
[info] i  hosting[blogino-a4581]: finalizing version... 
[debug] [2021-06-24T18:22:06.399Z] > refreshing access token with scopes: ["email","https://www.googleapis.com/auth/cloud-platform","https://www.googleapis.com/auth/cloudplatformprojects.readonly","https://www.googleapis.com/auth/firebase","openid"]
[debug] [2021-06-24T18:22:06.400Z] >>> HTTP REQUEST POST https://www.googleapis.com/oauth2/v3/token  
 <request body omitted>
[debug] [2021-06-24T18:22:06.848Z] <<< HTTP RESPONSE 200 {"cache-control":"no-cache, no-store, max-age=0, must-revalidate","pragma":"no-cache","date":"Thu, 24 Jun 2021 18:22:08 GMT","expires":"Mon, 01 Jan 1990 00:00:00 GMT","content-type":"application/json; charset=utf-8","vary":"X-Origin, Referer, Origin,Accept-Encoding","server":"scaffolding on HTTPServer2","x-xss-protection":"0","x-frame-options":"SAMEORIGIN","x-content-type-options":"nosniff","alt-svc":"h3=\":443\"; ma=2592000,h3-29=\":443\"; ma=2592000,h3-T051=\":443\"; ma=2592000,h3-Q050=\":443\"; ma=2592000,h3-Q046=\":443\"; ma=2592000,h3-Q043=\":443\"; ma=2592000,quic=\":443\"; ma=2592000; v=\"46,43\"","accept-ranges":"none","transfer-encoding":"chunked"}
[debug] [2021-06-24T18:22:06.855Z] >>> HTTP REQUEST PATCH https://firebasehosting.googleapis.com/v1beta1/sites/blogino-a4581/versions/239d7b7cc7d5641d?updateMask=status  
 {"status":"FINALIZED"}
[debug] [2021-06-24T18:22:08.849Z] <<< HTTP RESPONSE 200 {"content-type":"application/json; charset=UTF-8","vary":"X-Origin, Referer, Origin,Accept-Encoding","date":"Thu, 24 Jun 2021 18:22:10 GMT","server":"ESF","cache-control":"private","x-xss-protection":"0","x-frame-options":"SAMEORIGIN","x-content-type-options":"nosniff","alt-svc":"h3=\":443\"; ma=2592000,h3-29=\":443\"; ma=2592000,h3-T051=\":443\"; ma=2592000,h3-Q050=\":443\"; ma=2592000,h3-Q046=\":443\"; ma=2592000,h3-Q043=\":443\"; ma=2592000,quic=\":443\"; ma=2592000; v=\"46,43\"","accept-ranges":"none","transfer-encoding":"chunked"}
[debug] [2021-06-24T18:22:08.849Z] [hosting] finalized version for blogino-a4581: {"name":"sites/blogino-a4581/versions/239d7b7cc7d5641d","status":"FINALIZED","config":{"rewrites":[{"glob":"**","path":"/index.html"}]},"labels":{"deployment-tool":"cli-firebase"},"createTime":"2021-06-24T18:21:28.505234Z","createUser":{"email":"mahadi01856878150@gmail.com"},"finalizeTime":"2021-06-24T18:22:10.763211Z","finalizeUser":{"email":"mahadi01856878150@gmail.com"}}
[info] +  hosting[blogino-a4581]: version finalized 
[info] i  hosting[blogino-a4581]: releasing new version... 
[debug] [2021-06-24T18:22:08.852Z] >>> HTTP REQUEST POST https://firebasehosting.googleapis.com/v1beta1/sites/blogino-a4581/releases?version_name=sites/blogino-a4581/versions/239d7b7cc7d5641d  
 {"message":null}
[debug] [2021-06-24T18:22:10.865Z] <<< HTTP RESPONSE 200 {"content-type":"application/json; charset=UTF-8","vary":"X-Origin, Referer, Origin,Accept-Encoding","date":"Thu, 24 Jun 2021 18:22:12 GMT","server":"ESF","cache-control":"private","x-xss-protection":"0","x-frame-options":"SAMEORIGIN","x-content-type-options":"nosniff","alt-svc":"h3=\":443\"; ma=2592000,h3-29=\":443\"; ma=2592000,h3-T051=\":443\"; ma=2592000,h3-Q050=\":443\"; ma=2592000,h3-Q046=\":443\"; ma=2592000,h3-Q043=\":443\"; ma=2592000,quic=\":443\"; ma=2592000; v=\"46,43\"","accept-ranges":"none","transfer-encoding":"chunked"}
[debug] [2021-06-24T18:22:10.865Z] [hosting] release: {"name":"sites/blogino-a4581/releases/1624558932251052","version":{"name":"sites/blogino-a4581/versions/239d7b7cc7d5641d","status":"FINALIZED","config":{"rewrites":[{"glob":"**","path":"/index.html"}]},"labels":{"deployment-tool":"cli-firebase"},"createTime":"2021-06-24T18:21:28.505234Z","createUser":{"email":"mahadi01856878150@gmail.com"},"finalizeTime":"2021-06-24T18:22:10.763211Z","finalizeUser":{"email":"mahadi01856878150@gmail.com"}},"type":"DEPLOY","releaseTime":"2021-06-24T18:22:12.251052340Z","releaseUser":{"email":"mahadi01856878150@gmail.com"}}
[info] +  hosting[blogino-a4581]: release complete 
[info] 
[info] +  Deploy complete! 
[info] 
[info] Project Console: https://console.firebase.google.com/project/blogino-a4581/overview
[info] Hosting URL: https://blogino-a4581.web.app
